<?xml version="1.0" encoding="UTF-8"?>
<testng-results ignored="0" total="1" passed="1" failed="0" skipped="0">
  <reporter-output>
  </reporter-output>
  <suite started-at="2025-04-09T22:13:31 WIB" name="Surefire suite" finished-at="2025-04-09T22:13:36 WIB" duration-ms="4568">
    <groups>
    </groups>
    <test started-at="2025-04-09T22:13:31 WIB" name="Surefire test" finished-at="2025-04-09T22:13:36 WIB" duration-ms="4568">
      <class name="tests.LoginTest">
        <test-method is-config="true" signature="setUp()[pri:0, instance:tests.LoginTest@2f177a4b]" started-at="2025-04-09T22:13:31 WIB" name="setUp" finished-at="2025-04-09T22:13:35 WIB" duration-ms="3596" status="PASS">
          <reporter-output>
          </reporter-output>
        </test-method> <!-- setUp -->
        <test-method signature="testValidLogin()[pri:0, instance:tests.LoginTest@2f177a4b]" started-at="2025-04-09T22:13:35 WIB" name="testValidLogin" finished-at="2025-04-09T22:13:36 WIB" duration-ms="851" status="PASS">
          <reporter-output>
          </reporter-output>
        </test-method> <!-- testValidLogin -->
        <test-method is-config="true" signature="tearDown()[pri:0, instance:tests.LoginTest@2f177a4b]" started-at="2025-04-09T22:13:36 WIB" name="tearDown" finished-at="2025-04-09T22:13:36 WIB" duration-ms="100" status="PASS">
          <reporter-output>
          </reporter-output>
        </test-method> <!-- tearDown -->
      </class> <!-- tests.LoginTest -->
    </test> <!-- Surefire test -->
  </suite> <!-- Surefire suite -->
</testng-results>
