<?xml version="1.0" encoding="UTF-8"?>
<testsuite xmlns:xsi="http://www.w3.org/2001/XMLSchema-instance" xsi:noNamespaceSchemaLocation="https://maven.apache.org/surefire/maven-surefire-plugin/xsd/surefire-test-report.xsd" version="3.0.2" name="tests.LoginTest" time="4.1" tests="1" errors="0" skipped="0" failures="0">
  <properties>
[...]
</properties>
  <testcase name="testValidLogin" classname="tests.LoginTest" time="0.671">
    <system-out><![CDATA[2025-04-10 09:50:07 [main] INFO  Log - Starting WebDriver...
2025-04-10 09:50:09 [main] INFO  Log - Navigating to URL...
2025-04-10 09:50:10 [main] INFO  Log - Starting login test...
2025-04-10 09:50:10 [main] INFO  Log - Entering username:admin@yourstore.com
2025-04-10 09:50:10 [main] INFO  Log - Entering password: ********
2025-04-10 09:50:10 [main] INFO  Log - Clicking login button...
Title of the page is : Just a moment...
2025-04-10 09:50:10 [main] INFO  Log - Verifying page title...
]]></system-out>
    <system-err><![CDATA[SLF4J(W): No SLF4J providers were found.
SLF4J(W): Defaulting to no-operation (NOP) logger implementation
SLF4J(W): See https://www.slf4j.org/codes.html#noProviders for further details.
]]></system-err>
  </testcase>
</testsuite>