<?xml version="1.0" encoding="UTF-8"?>
<testng-results ignored="0" total="1" passed="1" failed="0" skipped="0">
  <reporter-output>
  </reporter-output>
  <suite started-at="2025-04-11T00:05:43 WIB" name="Surefire suite" finished-at="2025-04-11T00:05:47 WIB" duration-ms="4253">
    <groups>
    </groups>
    <test started-at="2025-04-11T00:05:43 WIB" name="Surefire test" finished-at="2025-04-11T00:05:47 WIB" duration-ms="4253">
      <class name="tests.LoginTest">
        <test-method is-config="true" signature="setUpReport()[pri:0, instance:tests.LoginTest@7c0c77c7]" started-at="2025-04-11T00:05:43 WIB" name="setUpReport" finished-at="2025-04-11T00:05:43 WIB" duration-ms="148" status="PASS">
          <reporter-output>
          </reporter-output>
        </test-method> <!-- setUpReport -->
        <test-method is-config="true" signature="setUp()[pri:0, instance:tests.LoginTest@7c0c77c7]" started-at="2025-04-11T00:05:43 WIB" name="setUp" finished-at="2025-04-11T00:05:46 WIB" duration-ms="3349" status="PASS">
          <reporter-output>
          </reporter-output>
        </test-method> <!-- setUp -->
        <test-method signature="testValidLogin()[pri:0, instance:tests.LoginTest@7c0c77c7]" started-at="2025-04-11T00:05:46 WIB" name="testValidLogin" finished-at="2025-04-11T00:05:47 WIB" duration-ms="790" status="PASS">
          <reporter-output>
          </reporter-output>
        </test-method> <!-- testValidLogin -->
        <test-method is-config="true" signature="tearDown(org.testng.ITestResult)[pri:0, instance:tests.LoginTest@7c0c77c7]" started-at="2025-04-11T00:05:47 WIB" name="tearDown" finished-at="2025-04-11T00:05:47 WIB" duration-ms="97" status="PASS">
          <params>
            <param index="0">
              <value>
                <![CDATA[[TestResult name=testValidLogin status=SUCCESS method=LoginTest.testValidLogin()[pri:0, instance:tests.LoginTest@7c0c77c7] output={null}]]]>
              </value>
            </param>
          </params>
          <reporter-output>
          </reporter-output>
        </test-method> <!-- tearDown -->
        <test-method is-config="true" signature="teardownReport()[pri:0, instance:tests.LoginTest@7c0c77c7]" started-at="2025-04-11T00:05:47 WIB" name="teardownReport" finished-at="2025-04-11T00:05:47 WIB" duration-ms="170" status="PASS">
          <reporter-output>
          </reporter-output>
        </test-method> <!-- teardownReport -->
      </class> <!-- tests.LoginTest -->
    </test> <!-- Surefire test -->
  </suite> <!-- Surefire suite -->
</testng-results>
