<?xml version="1.0" encoding="UTF-8"?>
<testsuite xmlns:xsi="http://www.w3.org/2001/XMLSchema-instance" xsi:noNamespaceSchemaLocation="https://maven.apache.org/surefire/maven-surefire-plugin/xsd/surefire-test-report.xsd" version="3.0.2" name="tests.LoginTest" time="10.025" tests="3" errors="0" skipped="0" failures="2">
  <properties>
[...]
</properties>
  <testcase name="testValidLogin[user1, pass1](1)" classname="tests.LoginTest" time="0.523">
    <failure message="expected [Just a moment...] but found [nopCommerce demo store. Login]" type="java.lang.AssertionError"><![CDATA[java.lang.AssertionError: expected [Just a moment...] but found [nopCommerce demo store. Login]
	at org.testng.Assert.fail(Assert.java:111)
	at org.testng.Assert.failNotEquals(Assert.java:1590)
	at org.testng.Assert.assertEqualsImpl(Assert.java:150)
	at org.testng.Assert.assertEquals(Assert.java:132)
	at org.testng.Assert.assertEquals(Assert.java:656)
	at org.testng.Assert.assertEquals(Assert.java:666)
	at tests.LoginTest.testValidLogin(LoginTest.java:62)
	at java.base/jdk.internal.reflect.NativeMethodAccessorImpl.invoke0(Native Method)
	at java.base/jdk.internal.reflect.NativeMethodAccessorImpl.invoke(NativeMethodAccessorImpl.java:77)
	at java.base/jdk.internal.reflect.DelegatingMethodAccessorImpl.invoke(DelegatingMethodAccessorImpl.java:43)
	at java.base/java.lang.reflect.Method.invoke(Method.java:569)
	at org.testng.internal.invokers.MethodInvocationHelper.invokeMethod(MethodInvocationHelper.java:141)
	at org.testng.internal.invokers.TestInvoker.invokeMethod(TestInvoker.java:687)
	at org.testng.internal.invokers.TestInvoker.invokeTestMethod(TestInvoker.java:230)
	at org.testng.internal.invokers.MethodRunner.runInSequence(MethodRunner.java:63)
	at org.testng.internal.invokers.TestInvoker$MethodInvocationAgent.invoke(TestInvoker.java:995)
	at org.testng.internal.invokers.TestInvoker.invokeTestMethods(TestInvoker.java:203)
	at org.testng.internal.invokers.TestMethodWorker.invokeTestMethods(TestMethodWorker.java:154)
	at org.testng.internal.invokers.TestMethodWorker.run(TestMethodWorker.java:134)
	at java.base/java.util.ArrayList.forEach(ArrayList.java:1511)
	at org.testng.TestRunner.privateRun(TestRunner.java:741)
	at org.testng.TestRunner.run(TestRunner.java:616)
	at org.testng.SuiteRunner.runTest(SuiteRunner.java:421)
	at org.testng.SuiteRunner.runSequentially(SuiteRunner.java:413)
	at org.testng.SuiteRunner.privateRun(SuiteRunner.java:373)
	at org.testng.SuiteRunner.run(SuiteRunner.java:312)
	at org.testng.SuiteRunnerWorker.runSuite(SuiteRunnerWorker.java:52)
	at org.testng.SuiteRunnerWorker.run(SuiteRunnerWorker.java:95)
	at org.testng.TestNG.runSuitesSequentially(TestNG.java:1274)
	at org.testng.TestNG.runSuitesLocally(TestNG.java:1208)
	at org.testng.TestNG.runSuites(TestNG.java:1112)
	at org.testng.TestNG.run(TestNG.java:1079)
	at org.apache.maven.surefire.testng.TestNGExecutor.run(TestNGExecutor.java:155)
	at org.apache.maven.surefire.testng.TestNGDirectoryTestSuite.executeSingleClass(TestNGDirectoryTestSuite.java:102)
	at org.apache.maven.surefire.testng.TestNGDirectoryTestSuite.execute(TestNGDirectoryTestSuite.java:91)
	at org.apache.maven.surefire.testng.TestNGProvider.invoke(TestNGProvider.java:137)
	at org.apache.maven.surefire.booter.ForkedBooter.runSuitesInProcess(ForkedBooter.java:385)
	at org.apache.maven.surefire.booter.ForkedBooter.execute(ForkedBooter.java:162)
	at org.apache.maven.surefire.booter.ForkedBooter.run(ForkedBooter.java:507)
	at org.apache.maven.surefire.booter.ForkedBooter.main(ForkedBooter.java:495)
]]></failure>
    <system-out><![CDATA[2025-04-11T04:51:16.653072500Z main INFO Starting configuration XmlConfiguration[location=C:\Users\Forindo-IT\Downloads\selenium-framework\selenium-framework\target\classes\log4j2.xml, lastModified=2025-04-10T01:35:01.983Z]...
2025-04-11T04:51:16.654570100Z main INFO Start watching for changes to C:\Users\Forindo-IT\Downloads\selenium-framework\selenium-framework\target\classes\log4j2.xml every 0 seconds
2025-04-11T04:51:16.654570100Z main INFO Configuration XmlConfiguration[location=C:\Users\Forindo-IT\Downloads\selenium-framework\selenium-framework\target\classes\log4j2.xml, lastModified=2025-04-10T01:35:01.983Z] started.
2025-04-11T04:51:16.656579100Z main INFO Stopping configuration org.apache.logging.log4j.core.config.DefaultConfiguration@50468873...
2025-04-11T04:51:16.656579100Z main INFO Configuration org.apache.logging.log4j.core.config.DefaultConfiguration@50468873 stopped.
2025-04-11 11:51:16 [main] INFO  Log - Starting WebDriver...
2025-04-11 11:51:17 [main] INFO  Log - Navigating to URL...
2025-04-11 11:51:18 [main] INFO  Log - Starting login test...
2025-04-11 11:51:18 [main] INFO  Log - Adding credentials
2025-04-11 11:51:18 [main] INFO  Log - Entering username:user1
2025-04-11 11:51:19 [main] INFO  Log - Entering password: ********
2025-04-11 11:51:19 [main] INFO  Log - Clicking login button...
Title of the page is :nopCommerce demo store. Login
2025-04-11 11:51:19 [main] INFO  Log - Verifying page title...
]]></system-out>
    <system-err><![CDATA[SLF4J(W): No SLF4J providers were found.
SLF4J(W): Defaulting to no-operation (NOP) logger implementation
SLF4J(W): See https://www.slf4j.org/codes.html#noProviders for further details.
]]></system-err>
  </testcase>
  <testcase name="testValidLogin[user2, pass2](2)" classname="tests.LoginTest" time="0.42">
    <failure message="expected [Just a moment...] but found [nopCommerce demo store. Login]" type="java.lang.AssertionError"><![CDATA[java.lang.AssertionError: expected [Just a moment...] but found [nopCommerce demo store. Login]
	at org.testng.Assert.fail(Assert.java:111)
	at org.testng.Assert.failNotEquals(Assert.java:1590)
	at org.testng.Assert.assertEqualsImpl(Assert.java:150)
	at org.testng.Assert.assertEquals(Assert.java:132)
	at org.testng.Assert.assertEquals(Assert.java:656)
	at org.testng.Assert.assertEquals(Assert.java:666)
	at tests.LoginTest.testValidLogin(LoginTest.java:62)
	at java.base/jdk.internal.reflect.NativeMethodAccessorImpl.invoke0(Native Method)
	at java.base/jdk.internal.reflect.NativeMethodAccessorImpl.invoke(NativeMethodAccessorImpl.java:77)
	at java.base/jdk.internal.reflect.DelegatingMethodAccessorImpl.invoke(DelegatingMethodAccessorImpl.java:43)
	at java.base/java.lang.reflect.Method.invoke(Method.java:569)
	at org.testng.internal.invokers.MethodInvocationHelper.invokeMethod(MethodInvocationHelper.java:141)
	at org.testng.internal.invokers.TestInvoker.invokeMethod(TestInvoker.java:687)
	at org.testng.internal.invokers.TestInvoker.invokeTestMethod(TestInvoker.java:230)
	at org.testng.internal.invokers.MethodRunner.runInSequence(MethodRunner.java:63)
	at org.testng.internal.invokers.TestInvoker$MethodInvocationAgent.invoke(TestInvoker.java:995)
	at org.testng.internal.invokers.TestInvoker.invokeTestMethods(TestInvoker.java:203)
	at org.testng.internal.invokers.TestMethodWorker.invokeTestMethods(TestMethodWorker.java:154)
	at org.testng.internal.invokers.TestMethodWorker.run(TestMethodWorker.java:134)
	at java.base/java.util.ArrayList.forEach(ArrayList.java:1511)
	at org.testng.TestRunner.privateRun(TestRunner.java:741)
	at org.testng.TestRunner.run(TestRunner.java:616)
	at org.testng.SuiteRunner.runTest(SuiteRunner.java:421)
	at org.testng.SuiteRunner.runSequentially(SuiteRunner.java:413)
	at org.testng.SuiteRunner.privateRun(SuiteRunner.java:373)
	at org.testng.SuiteRunner.run(SuiteRunner.java:312)
	at org.testng.SuiteRunnerWorker.runSuite(SuiteRunnerWorker.java:52)
	at org.testng.SuiteRunnerWorker.run(SuiteRunnerWorker.java:95)
	at org.testng.TestNG.runSuitesSequentially(TestNG.java:1274)
	at org.testng.TestNG.runSuitesLocally(TestNG.java:1208)
	at org.testng.TestNG.runSuites(TestNG.java:1112)
	at org.testng.TestNG.run(TestNG.java:1079)
	at org.apache.maven.surefire.testng.TestNGExecutor.run(TestNGExecutor.java:155)
	at org.apache.maven.surefire.testng.TestNGDirectoryTestSuite.executeSingleClass(TestNGDirectoryTestSuite.java:102)
	at org.apache.maven.surefire.testng.TestNGDirectoryTestSuite.execute(TestNGDirectoryTestSuite.java:91)
	at org.apache.maven.surefire.testng.TestNGProvider.invoke(TestNGProvider.java:137)
	at org.apache.maven.surefire.booter.ForkedBooter.runSuitesInProcess(ForkedBooter.java:385)
	at org.apache.maven.surefire.booter.ForkedBooter.execute(ForkedBooter.java:162)
	at org.apache.maven.surefire.booter.ForkedBooter.run(ForkedBooter.java:507)
	at org.apache.maven.surefire.booter.ForkedBooter.main(ForkedBooter.java:495)
]]></failure>
    <system-out><![CDATA[Path for screenshot is :screenshots/LoginFailure.png
2025-04-11 11:51:19 [main] INFO  Log - Closing Broswer...
2025-04-11 11:51:20 [main] INFO  Log - Starting WebDriver...
2025-04-11 11:51:21 [main] INFO  Log - Navigating to URL...
2025-04-11 11:51:22 [main] INFO  Log - Starting login test...
2025-04-11 11:51:22 [main] INFO  Log - Adding credentials
2025-04-11 11:51:22 [main] INFO  Log - Entering username:user2
2025-04-11 11:51:22 [main] INFO  Log - Entering password: ********
2025-04-11 11:51:22 [main] INFO  Log - Clicking login button...
Title of the page is :nopCommerce demo store. Login
2025-04-11 11:51:22 [main] INFO  Log - Verifying page title...
]]></system-out>
  </testcase>
  <testcase name="testValidLogin[admin@yourstore.com, admin](3)" classname="tests.LoginTest" time="0.66">
    <system-out><![CDATA[Path for screenshot is :screenshots/LoginFailure.png
2025-04-11 11:51:22 [main] INFO  Log - Closing Broswer...
2025-04-11 11:51:22 [main] INFO  Log - Starting WebDriver...
2025-04-11 11:51:23 [main] INFO  Log - Navigating to URL...
2025-04-11 11:51:24 [main] INFO  Log - Starting login test...
2025-04-11 11:51:24 [main] INFO  Log - Adding credentials
2025-04-11 11:51:24 [main] INFO  Log - Entering username:admin@yourstore.com
2025-04-11 11:51:24 [main] INFO  Log - Entering password: ********
2025-04-11 11:51:24 [main] INFO  Log - Clicking login button...
Title of the page is :Just a moment...
2025-04-11 11:51:25 [main] INFO  Log - Verifying page title...
]]></system-out>
  </testcase>
</testsuite>